<?xml version="1.0" encoding="UTF-8"?>
<!-- Generated by org.testng.reporters.JUnitXMLReporter -->
<testsuite hostname="Mpatil-PC" ignored="0" name="Default test" tests="3" failures="0" timestamp="13 Mar 2018 02:38:00 GMT" time="0.089" errors="0">
  <testcase name="deletevender" time="0.007" classname="TestNGTestCases.Class2"/>
  <testcase name="deleteproduct" time="0.004" classname="TestNGTestCases.Class2"/>
  <testcase name="deletecurrency" time="0.003" classname="TestNGTestCases.Class2"/>
</testsuite> <!-- Default test -->
