<?xml version="1.0" encoding="UTF-8"?>
<!-- Generated by org.testng.reporters.JUnitXMLReporter -->
<testsuite hostname="Mpatil-PC" ignored="0" name="sanity test" tests="8" failures="0" timestamp="13 Mar 2018 03:38:51 GMT" time="0.083" errors="0">
  <testcase name="addcurrency" time="0.013" classname="TestNGTestCases.Class1"/>
  <testcase name="addproduct" time="0.004" classname="TestNGTestCases.Class1"/>
  <testcase name="login" time="0.002" classname="TestNGTestCases.Class1"/>
  <testcase name="logout" time="0.001" classname="TestNGTestCases.Class1"/>
  <testcase name="deletecurrency" time="0.003" classname="TestNGTestCases.Class2"/>
  <testcase name="deleteproduct" time="0.001" classname="TestNGTestCases.Class2"/>
  <testcase name="deletevender" time="0.002" classname="TestNGTestCases.Class2"/>
  <testcase name="addvender" time="0.002" classname="TestNGTestCases.Class1"/>
</testsuite> <!-- sanity test -->
